# JRE version: Java(TM) SE Runtime Environment (8.0_111-b14) (build 1.8.0_111-b14)
# Java VM: Java HotSpot(TM) 64-Bit Server VM (25.111-b14 mixed mode windows-amd64 compressed oops)
Heap:
 PSYoungGen      total 105984K, used 14631K [0x0000000780d00000, 0x0000000787c00000, 0x00000007c0000000)
  eden space 98304K, 14% used [0x0000000780d00000,0x0000000781b49e28,0x0000000786d00000)
  from space 7680K, 0% used [0x0000000787480000,0x0000000787480000,0x0000000787c00000)
  to   space 7680K, 0% used [0x0000000786d00000,0x0000000786d00000,0x0000000787480000)
 ParOldGen       total 173568K, used 43992K [0x0000000702600000, 0x000000070cf80000, 0x0000000780d00000)
  object space 173568K, 25% used [0x0000000702600000,0x00000007050f60b8,0x000000070cf80000)
 Metaspace       used 13840K, capacity 14064K, committed 14464K, reserved 1062912K
  class space    used 1747K, capacity 1834K, committed 1920K, reserved 1048576K
GC Heap History (6 events):
Event: 0.485 GC heap before
{Heap before GC invocations=1 (full 0):
 PSYoungGen      total 56832K, used 48857K [0x0000000780d00000, 0x0000000784c00000, 0x00000007c0000000)
  eden space 49152K, 99% used [0x0000000780d00000,0x0000000783cb67c0,0x0000000783d00000)
  from space 7680K, 0% used [0x0000000784480000,0x0000000784480000,0x0000000784c00000)
  to   space 7680K, 0% used [0x0000000783d00000,0x0000000783d00000,0x0000000784480000)
 ParOldGen       total 130048K, used 0K [0x0000000702600000, 0x000000070a500000, 0x0000000780d00000)
  object space 130048K, 0% used [0x0000000702600000,0x0000000702600000,0x000000070a500000)
 Metaspace       used 11127K, capacity 11264K, committed 11520K, reserved 1058816K
  class space    used 1406K, capacity 1478K, committed 1536K, reserved 1048576K
Event: 0.500 GC heap after
Heap after GC invocations=1 (full 0):
 PSYoungGen      total 56832K, used 5737K [0x0000000780d00000, 0x0000000787c00000, 0x00000007c0000000)
  eden space 49152K, 0% used [0x0000000780d00000,0x0000000780d00000,0x0000000783d00000)
  from space 7680K, 74% used [0x0000000783d00000,0x000000078429a450,0x0000000784480000)
  to   space 7680K, 0% used [0x0000000787480000,0x0000000787480000,0x0000000787c00000)
 ParOldGen       total 130048K, used 62416K [0x0000000702600000, 0x000000070a500000, 0x0000000780d00000)
  object space 130048K, 47% used [0x0000000702600000,0x00000007062f4070,0x000000070a500000)
 Metaspace       used 11127K, capacity 11264K, committed 11520K, reserved 1058816K
  class space    used 1406K, capacity 1478K, committed 1536K, reserved 1048576K
}
Event: 0.684 GC heap before
{Heap before GC invocations=2 (full 0):
 PSYoungGen      total 56832K, used 54889K [0x0000000780d00000, 0x0000000787c00000, 0x00000007c0000000)
  eden space 49152K, 100% used [0x0000000780d00000,0x0000000783d00000,0x0000000783d00000)
  from space 7680K, 74% used [0x0000000783d00000,0x000000078429a450,0x0000000784480000)
  to   space 7680K, 0% used [0x0000000787480000,0x0000000787480000,0x0000000787c00000)
 ParOldGen       total 130048K, used 62416K [0x0000000702600000, 0x000000070a500000, 0x0000000780d00000)
  object space 130048K, 47% used [0x0000000702600000,0x00000007062f4070,0x000000070a500000)
 Metaspace       used 11135K, capacity 11328K, committed 11520K, reserved 1058816K
  class space    used 1406K, capacity 1478K, committed 1536K, reserved 1048576K
Event: 0.700 GC heap after
Heap after GC invocations=2 (full 0):
 PSYoungGen      total 105984K, used 7312K [0x0000000780d00000, 0x0000000787c00000, 0x00000007c0000000)
  eden space 98304K, 0% used [0x0000000780d00000,0x0000000780d00000,0x0000000786d00000)
  from space 7680K, 95% used [0x0000000787480000,0x0000000787ba43f0,0x0000000787c00000)
  to   space 7680K, 0% used [0x0000000786d00000,0x0000000786d00000,0x0000000787480000)
 ParOldGen       total 130048K, used 119653K [0x0000000702600000, 0x000000070a500000, 0x0000000780d00000)
  object space 130048K, 92% used [0x0000000702600000,0x0000000709ad94e8,0x000000070a500000)
 Metaspace       used 11135K, capacity 11328K, committed 11520K, reserved 1058816K
  class space    used 1406K, capacity 1478K, committed 1536K, reserved 1048576K
}
Event: 0.700 GC heap before
{Heap before GC invocations=3 (full 1):
 PSYoungGen      total 105984K, used 7312K [0x0000000780d00000, 0x0000000787c00000, 0x00000007c0000000)
  eden space 98304K, 0% used [0x0000000780d00000,0x0000000780d00000,0x0000000786d00000)
  from space 7680K, 95% used [0x0000000787480000,0x0000000787ba43f0,0x0000000787c00000)
  to   space 7680K, 0% used [0x0000000786d00000,0x0000000786d00000,0x0000000787480000)
 ParOldGen       total 130048K, used 119653K [0x0000000702600000, 0x000000070a500000, 0x0000000780d00000)
  object space 130048K, 92% used [0x0000000702600000,0x0000000709ad94e8,0x000000070a500000)
 Metaspace       used 11135K, capacity 11328K, committed 11520K, reserved 1058816K
  class space    used 1406K, capacity 1478K, committed 1536K, reserved 1048576K
Event: 0.718 GC heap after
Heap after GC invocations=3 (full 1):
 PSYoungGen      total 105984K, used 0K [0x0000000780d00000, 0x0000000787c00000, 0x00000007c0000000)
  eden space 98304K, 0% used [0x0000000780d00000,0x0000000780d00000,0x0000000786d00000)
  from space 7680K, 0% used [0x0000000787480000,0x0000000787480000,0x0000000787c00000)
  to   space 7680K, 0% used [0x0000000786d00000,0x0000000786d00000,0x0000000787480000)
 ParOldGen       total 173568K, used 43992K [0x0000000702600000, 0x000000070cf80000, 0x0000000780d00000)
  object space 173568K, 25% used [0x0000000702600000,0x00000007050f60b8,0x000000070cf80000)
 Metaspace       used 11135K, capacity 11328K, committed 11520K, reserved 1058816K
  class space    used 1406K, capacity 1478K, committed 1536K, reserved 1048576K
}

